# TRAINING DATA #
- Dataset size: 8000 files

#   TEST DATA   #
- Dataset size: 2000 files

#  TRAINING...  #
epoch 0 loss 0.01
epoch 1 loss 0.02
epoch 2 loss 0.01
epoch 3 loss 0.01
epoch 4 loss 0.01
epoch 5 loss 0.01
epoch 6 loss 0.01
epoch 7 loss 0.01
epoch 8 loss 0.01
epoch 9 loss 0.01
epoch 10 loss 0.01
epoch 11 loss 0.01
epoch 12 loss 0.00
epoch 13 loss 0.01
epoch 14 loss 0.00
epoch 15 loss 0.00
epoch 16 loss 0.00
epoch 17 loss 0.00
epoch 18 loss 0.00
epoch 19 loss 0.00
epoch 20 loss 0.00
epoch 21 loss 0.00
epoch 22 loss 0.00
epoch 23 loss 0.00
epoch 24 loss 0.00
epoch 25 loss 0.00
epoch 26 loss 0.00
epoch 27 loss 0.00
epoch 28 loss 0.00
epoch 29 loss 0.00
epoch 30 loss 0.00
epoch 31 loss 0.00
epoch 32 loss 0.00
epoch 33 loss 0.00
epoch 34 loss 0.00
epoch 35 loss 0.00
epoch 36 loss 0.00
epoch 37 loss 0.00
epoch 38 loss 0.00
epoch 39 loss 0.00
-> Training finished.

#    TESTING...   #
error rate 118.01%,  (20037/16979)